# JRE version: OpenJDK Runtime Environment (11.0.10) (build 11.0.10+0-b96-7249189)
# Java VM: OpenJDK 64-Bit Server VM (11.0.10+0-b96-7249189, mixed mode, tiered, compressed oops, g1 gc, windows-amd64)
Heap:
 garbage-first heap   total 583680K, used 230209K [0x0000000080000000, 0x0000000100000000)
  region size 1024K, 59 young (60416K), 7 survivors (7168K)
 Metaspace       used 126812K, capacity 130843K, committed 130972K, reserved 1163264K
  class space    used 16143K, capacity 17616K, committed 17664K, reserved 1048576K
GC Heap History (20 events):
Event: 2745.892 GC heap before
{Heap before GC invocations=91 (full 0):
 garbage-first heap   total 404480K, used 187678K [0x0000000080000000, 0x0000000100000000)
  region size 1024K, 34 young (34816K), 5 survivors (5120K)
 Metaspace       used 126410K, capacity 130438K, committed 130716K, reserved 1163264K
  class space    used 16133K, capacity 17603K, committed 17664K, reserved 1048576K
}
Event: 2746.051 GC heap after
{Heap after GC invocations=92 (full 0):
 garbage-first heap   total 404480K, used 160974K [0x0000000080000000, 0x0000000100000000)
  region size 1024K, 4 young (4096K), 4 survivors (4096K)
 Metaspace       used 126410K, capacity 130438K, committed 130716K, reserved 1163264K
  class space    used 16133K, capacity 17603K, committed 17664K, reserved 1048576K
}
Event: 2747.387 GC heap before
{Heap before GC invocations=92 (full 0):
 garbage-first heap   total 404480K, used 189646K [0x0000000080000000, 0x0000000100000000)
  region size 1024K, 33 young (33792K), 4 survivors (4096K)
 Metaspace       used 126426K, capacity 130441K, committed 130716K, reserved 1163264K
  class space    used 16134K, capacity 17604K, committed 17664K, reserved 1048576K
}
Event: 2747.458 GC heap after
{Heap after GC invocations=93 (full 0):
 garbage-first heap   total 404480K, used 164754K [0x0000000080000000, 0x0000000100000000)
  region size 1024K, 4 young (4096K), 4 survivors (4096K)
 Metaspace       used 126426K, capacity 130441K, committed 130716K, reserved 1163264K
  class space    used 16134K, capacity 17604K, committed 17664K, reserved 1048576K
}
Event: 2748.750 GC heap before
{Heap before GC invocations=93 (full 0):
 garbage-first heap   total 404480K, used 212882K [0x0000000080000000, 0x0000000100000000)
  region size 1024K, 51 young (52224K), 4 survivors (4096K)
 Metaspace       used 126461K, capacity 130515K, committed 130716K, reserved 1163264K
  class space    used 16135K, capacity 17607K, committed 17664K, reserved 1048576K
}
Event: 2748.816 GC heap after
{Heap after GC invocations=94 (full 0):
 garbage-first heap   total 404480K, used 167265K [0x0000000080000000, 0x0000000100000000)
  region size 1024K, 7 young (7168K), 7 survivors (7168K)
 Metaspace       used 126461K, capacity 130515K, committed 130716K, reserved 1163264K
  class space    used 16135K, capacity 17607K, committed 17664K, reserved 1048576K
}
Event: 2756.268 GC heap before
{Heap before GC invocations=95 (full 0):
 garbage-first heap   total 404480K, used 229729K [0x0000000080000000, 0x0000000100000000)
  region size 1024K, 68 young (69632K), 7 survivors (7168K)
 Metaspace       used 126491K, capacity 130523K, committed 130716K, reserved 1163264K
  class space    used 16137K, capacity 17610K, committed 17664K, reserved 1048576K
}
Event: 2756.422 GC heap after
{Heap after GC invocations=96 (full 0):
 garbage-first heap   total 404480K, used 169565K [0x0000000080000000, 0x0000000100000000)
  region size 1024K, 6 young (6144K), 6 survivors (6144K)
 Metaspace       used 126491K, capacity 130523K, committed 130716K, reserved 1163264K
  class space    used 16137K, capacity 17610K, committed 17664K, reserved 1048576K
}
Event: 2757.775 GC heap before
{Heap before GC invocations=96 (full 0):
 garbage-first heap   total 404480K, used 206429K [0x0000000080000000, 0x0000000100000000)
  region size 1024K, 42 young (43008K), 6 survivors (6144K)
 Metaspace       used 126506K, capacity 130524K, committed 130716K, reserved 1163264K
  class space    used 16137K, capacity 17610K, committed 17664K, reserved 1048576K
}
Event: 2757.956 GC heap after
{Heap after GC invocations=97 (full 0):
 garbage-first heap   total 583680K, used 171240K [0x0000000080000000, 0x0000000100000000)
  region size 1024K, 4 young (4096K), 4 survivors (4096K)
 Metaspace       used 126506K, capacity 130524K, committed 130716K, reserved 1163264K
  class space    used 16137K, capacity 17610K, committed 17664K, reserved 1048576K
}
Event: 2762.194 GC heap before
{Heap before GC invocations=97 (full 0):
 garbage-first heap   total 583680K, used 245992K [0x0000000080000000, 0x0000000100000000)
  region size 1024K, 77 young (78848K), 4 survivors (4096K)
 Metaspace       used 126612K, capacity 130618K, committed 130716K, reserved 1163264K
  class space    used 16140K, capacity 17615K, committed 17664K, reserved 1048576K
}
Event: 2762.370 GC heap after
{Heap after GC invocations=98 (full 0):
 garbage-first heap   total 583680K, used 173324K [0x0000000080000000, 0x0000000100000000)
  region size 1024K, 6 young (6144K), 6 survivors (6144K)
 Metaspace       used 126612K, capacity 130618K, committed 130716K, reserved 1163264K
  class space    used 16140K, capacity 17615K, committed 17664K, reserved 1048576K
}
Event: 2766.940 GC heap before
{Heap before GC invocations=99 (full 0):
 garbage-first heap   total 583680K, used 200972K [0x0000000080000000, 0x0000000100000000)
  region size 1024K, 34 young (34816K), 6 survivors (6144K)
 Metaspace       used 126681K, capacity 130700K, committed 130972K, reserved 1163264K
  class space    used 16141K, capacity 17615K, committed 17664K, reserved 1048576K
}
Event: 2767.043 GC heap after
{Heap after GC invocations=100 (full 0):
 garbage-first heap   total 583680K, used 173115K [0x0000000080000000, 0x0000000100000000)
  region size 1024K, 3 young (3072K), 3 survivors (3072K)
 Metaspace       used 126681K, capacity 130700K, committed 130972K, reserved 1163264K
  class space    used 16141K, capacity 17615K, committed 17664K, reserved 1048576K
}
Event: 2768.849 GC heap before
{Heap before GC invocations=100 (full 0):
 garbage-first heap   total 583680K, used 227387K [0x0000000080000000, 0x0000000100000000)
  region size 1024K, 56 young (57344K), 3 survivors (3072K)
 Metaspace       used 126703K, capacity 130700K, committed 130972K, reserved 1163264K
  class space    used 16141K, capacity 17615K, committed 17664K, reserved 1048576K
}
Event: 2768.926 GC heap after
{Heap after GC invocations=101 (full 0):
 garbage-first heap   total 583680K, used 174855K [0x0000000080000000, 0x0000000100000000)
  region size 1024K, 4 young (4096K), 4 survivors (4096K)
 Metaspace       used 126703K, capacity 130700K, committed 130972K, reserved 1163264K
  class space    used 16141K, capacity 17615K, committed 17664K, reserved 1048576K
}
Event: 2775.235 GC heap before
{Heap before GC invocations=101 (full 0):
 garbage-first heap   total 583680K, used 278279K [0x0000000080000000, 0x0000000100000000)
  region size 1024K, 105 young (107520K), 4 survivors (4096K)
 Metaspace       used 126756K, capacity 130770K, committed 130972K, reserved 1163264K
  class space    used 16143K, capacity 17616K, committed 17664K, reserved 1048576K
}
Event: 2775.458 GC heap after
{Heap after GC invocations=102 (full 0):
 garbage-first heap   total 583680K, used 174229K [0x0000000080000000, 0x0000000100000000)
  region size 1024K, 4 young (4096K), 4 survivors (4096K)
 Metaspace       used 126756K, capacity 130770K, committed 130972K, reserved 1163264K
  class space    used 16143K, capacity 17616K, committed 17664K, reserved 1048576K
}
Event: 2778.435 GC heap before
{Heap before GC invocations=103 (full 0):
 garbage-first heap   total 583680K, used 244885K [0x0000000080000000, 0x0000000100000000)
  region size 1024K, 74 young (75776K), 4 survivors (4096K)
 Metaspace       used 126777K, capacity 130770K, committed 130972K, reserved 1163264K
  class space    used 16143K, capacity 17616K, committed 17664K, reserved 1048576K
}
Event: 2778.495 GC heap after
{Heap after GC invocations=104 (full 0):
 garbage-first heap   total 583680K, used 177985K [0x0000000080000000, 0x0000000100000000)
  region size 1024K, 7 young (7168K), 7 survivors (7168K)
 Metaspace       used 126777K, capacity 130770K, committed 130972K, reserved 1163264K
  class space    used 16143K, capacity 17616K, committed 17664K, reserved 1048576K
}

